<?xml version="1.0" encoding="UTF-8"?>
<testng-results skipped="0" failed="0" total="4" passed="4">
  <reporter-output>
  </reporter-output>
  <suite name="Default suite" duration-ms="5999" started-at="2020-09-20T16:38:50Z" finished-at="2020-09-20T16:38:56Z">
    <groups>
    </groups>
    <test name="Default test" duration-ms="5999" started-at="2020-09-20T16:38:50Z" finished-at="2020-09-20T16:38:56Z">
      <class name="account_operations.Insert_newOperations">
        <test-method status="PASS" signature="putData(java.lang.String, java.lang.String, java.lang.String, java.lang.String)[pri:0, instance:account_operations.Insert_newOperations@617faa95]" name="putData" duration-ms="3576" started-at="2020-09-20T22:38:52Z" data-provider="testdataprovider" finished-at="2020-09-20T22:38:55Z">
          <params>
            <param index="0">
              <value>
                <![CDATA[1]]>
              </value>
            </param>
            <param index="1">
              <value>
                <![CDATA[100]]>
              </value>
            </param>
            <param index="2">
              <value>
                <![CDATA[EUR]]>
              </value>
            </param>
            <param index="3">
              <value>
                <![CDATA[1600041600]]>
              </value>
            </param>
          </params>
          <reporter-output>
          </reporter-output>
        </test-method> <!-- putData -->
        <test-method status="PASS" signature="putData(java.lang.String, java.lang.String, java.lang.String, java.lang.String)[pri:0, instance:account_operations.Insert_newOperations@617faa95]" name="putData" duration-ms="298" started-at="2020-09-20T22:38:55Z" data-provider="testdataprovider" finished-at="2020-09-20T22:38:56Z">
          <params>
            <param index="0">
              <value>
                <![CDATA[1]]>
              </value>
            </param>
            <param index="1">
              <value>
                <![CDATA[-20]]>
              </value>
            </param>
            <param index="2">
              <value>
                <![CDATA[EUR]]>
              </value>
            </param>
            <param index="3">
              <value>
                <![CDATA[1600128000]]>
              </value>
            </param>
          </params>
          <reporter-output>
          </reporter-output>
        </test-method> <!-- putData -->
        <test-method status="PASS" signature="putData(java.lang.String, java.lang.String, java.lang.String, java.lang.String)[pri:0, instance:account_operations.Insert_newOperations@617faa95]" name="putData" duration-ms="229" started-at="2020-09-20T22:38:56Z" data-provider="testdataprovider" finished-at="2020-09-20T22:38:56Z">
          <params>
            <param index="0">
              <value>
                <![CDATA[1]]>
              </value>
            </param>
            <param index="1">
              <value>
                <![CDATA[-30]]>
              </value>
            </param>
            <param index="2">
              <value>
                <![CDATA[EUR]]>
              </value>
            </param>
            <param index="3">
              <value>
                <![CDATA[1600300800]]>
              </value>
            </param>
          </params>
          <reporter-output>
          </reporter-output>
        </test-method> <!-- putData -->
        <test-method status="PASS" signature="putData(java.lang.String, java.lang.String, java.lang.String, java.lang.String)[pri:0, instance:account_operations.Insert_newOperations@617faa95]" name="putData" duration-ms="242" started-at="2020-09-20T22:38:56Z" data-provider="testdataprovider" finished-at="2020-09-20T22:38:56Z">
          <params>
            <param index="0">
              <value>
                <![CDATA[1]]>
              </value>
            </param>
            <param index="1">
              <value>
                <![CDATA[-20]]>
              </value>
            </param>
            <param index="2">
              <value>
                <![CDATA[EUR]]>
              </value>
            </param>
            <param index="3">
              <value>
                <![CDATA[1599955200]]>
              </value>
            </param>
          </params>
          <reporter-output>
          </reporter-output>
        </test-method> <!-- putData -->
      </class> <!-- account_operations.Insert_newOperations -->
    </test> <!-- Default test -->
  </suite> <!-- Default suite -->
</testng-results>
